# JRE version: OpenJDK Runtime Environment (11.0.10) (build 11.0.10+0-b96-7249189)
# Java VM: OpenJDK 64-Bit Server VM (11.0.10+0-b96-7249189, mixed mode, tiered, compressed oops, g1 gc, windows-amd64)
Heap:
 garbage-first heap   total 139264K, used 84922K [0x0000000091000000, 0x0000000100000000)
  region size 1024K, 37 young (37888K), 5 survivors (5120K)
 Metaspace       used 65644K, capacity 66367K, committed 66568K, reserved 1107968K
  class space    used 7456K, capacity 7733K, committed 7804K, reserved 1048576K
GC Heap History (16 events):
Event: 0.694 GC heap before
{Heap before GC invocations=0 (full 0):
 garbage-first heap   total 114688K, used 27648K [0x0000000091000000, 0x0000000100000000)
  region size 1024K, 24 young (24576K), 0 survivors (0K)
 Metaspace       used 12299K, capacity 12405K, committed 12544K, reserved 1060864K
  class space    used 1154K, capacity 1174K, committed 1280K, reserved 1048576K
}
Event: 0.700 GC heap after
{Heap after GC invocations=1 (full 0):
 garbage-first heap   total 114688K, used 5876K [0x0000000091000000, 0x0000000100000000)
  region size 1024K, 3 young (3072K), 3 survivors (3072K)
 Metaspace       used 12299K, capacity 12405K, committed 12544K, reserved 1060864K
  class space    used 1154K, capacity 1174K, committed 1280K, reserved 1048576K
}
Event: 1.605 GC heap before
{Heap before GC invocations=1 (full 0):
 garbage-first heap   total 114688K, used 42740K [0x0000000091000000, 0x0000000100000000)
  region size 1024K, 40 young (40960K), 3 survivors (3072K)
 Metaspace       used 21004K, capacity 21203K, committed 21248K, reserved 1069056K
  class space    used 2215K, capacity 2299K, committed 2304K, reserved 1048576K
}
Event: 1.620 GC heap after
{Heap after GC invocations=2 (full 0):
 garbage-first heap   total 114688K, used 9647K [0x0000000091000000, 0x0000000100000000)
  region size 1024K, 7 young (7168K), 7 survivors (7168K)
 Metaspace       used 21004K, capacity 21203K, committed 21248K, reserved 1069056K
  class space    used 2215K, capacity 2299K, committed 2304K, reserved 1048576K
}
Event: 2.694 GC heap before
{Heap before GC invocations=3 (full 0):
 garbage-first heap   total 114688K, used 68015K [0x0000000091000000, 0x0000000100000000)
  region size 1024K, 54 young (55296K), 7 survivors (7168K)
 Metaspace       used 30480K, capacity 30867K, committed 30972K, reserved 1077248K
  class space    used 3589K, capacity 3744K, committed 3836K, reserved 1048576K
}
Event: 2.718 GC heap after
{Heap after GC invocations=4 (full 0):
 garbage-first heap   total 114688K, used 22082K [0x0000000091000000, 0x0000000100000000)
  region size 1024K, 7 young (7168K), 7 survivors (7168K)
 Metaspace       used 30480K, capacity 30867K, committed 30972K, reserved 1077248K
  class space    used 3589K, capacity 3744K, committed 3836K, reserved 1048576K
}
Event: 3.251 GC heap before
{Heap before GC invocations=4 (full 0):
 garbage-first heap   total 114688K, used 46658K [0x0000000091000000, 0x0000000100000000)
  region size 1024K, 30 young (30720K), 7 survivors (7168K)
 Metaspace       used 35390K, capacity 35795K, committed 36048K, reserved 1081344K
  class space    used 4151K, capacity 4298K, committed 4348K, reserved 1048576K
}
Event: 3.270 GC heap after
{Heap after GC invocations=5 (full 0):
 garbage-first heap   total 114688K, used 24447K [0x0000000091000000, 0x0000000100000000)
  region size 1024K, 3 young (3072K), 3 survivors (3072K)
 Metaspace       used 35390K, capacity 35795K, committed 36048K, reserved 1081344K
  class space    used 4151K, capacity 4298K, committed 4348K, reserved 1048576K
}
Event: 4.324 GC heap before
{Heap before GC invocations=6 (full 0):
 garbage-first heap   total 114688K, used 77695K [0x0000000091000000, 0x0000000100000000)
  region size 1024K, 54 young (55296K), 3 survivors (3072K)
 Metaspace       used 45768K, capacity 46302K, committed 46672K, reserved 1089536K
  class space    used 5399K, capacity 5618K, committed 5756K, reserved 1048576K
}
Event: 4.340 GC heap after
{Heap after GC invocations=7 (full 0):
 garbage-first heap   total 139264K, used 29358K [0x0000000091000000, 0x0000000100000000)
  region size 1024K, 7 young (7168K), 7 survivors (7168K)
 Metaspace       used 45768K, capacity 46302K, committed 46672K, reserved 1089536K
  class space    used 5399K, capacity 5618K, committed 5756K, reserved 1048576K
}
Event: 5.481 GC heap before
{Heap before GC invocations=7 (full 0):
 garbage-first heap   total 139264K, used 95918K [0x0000000091000000, 0x0000000100000000)
  region size 1024K, 70 young (71680K), 7 survivors (7168K)
 Metaspace       used 51381K, capacity 51955K, committed 52048K, reserved 1095680K
  class space    used 5964K, capacity 6194K, committed 6268K, reserved 1048576K
}
Event: 5.501 GC heap after
{Heap after GC invocations=8 (full 0):
 garbage-first heap   total 139264K, used 38210K [0x0000000091000000, 0x0000000100000000)
  region size 1024K, 8 young (8192K), 8 survivors (8192K)
 Metaspace       used 51381K, capacity 51955K, committed 52048K, reserved 1095680K
  class space    used 5964K, capacity 6194K, committed 6268K, reserved 1048576K
}
Event: 7.226 GC heap before
{Heap before GC invocations=8 (full 0):
 garbage-first heap   total 139264K, used 102722K [0x0000000091000000, 0x0000000100000000)
  region size 1024K, 71 young (72704K), 8 survivors (8192K)
 Metaspace       used 57976K, capacity 58675K, committed 58960K, reserved 1101824K
  class space    used 6673K, capacity 6956K, committed 7036K, reserved 1048576K
}
Event: 7.259 GC heap after
{Heap after GC invocations=9 (full 0):
 garbage-first heap   total 139264K, used 48089K [0x0000000091000000, 0x0000000100000000)
  region size 1024K, 9 young (9216K), 9 survivors (9216K)
 Metaspace       used 57976K, capacity 58675K, committed 58960K, reserved 1101824K
  class space    used 6673K, capacity 6956K, committed 7036K, reserved 1048576K
}
Event: 8.052 GC heap before
{Heap before GC invocations=9 (full 0):
 garbage-first heap   total 139264K, used 66521K [0x0000000091000000, 0x0000000100000000)
  region size 1024K, 28 young (28672K), 9 survivors (9216K)
 Metaspace       used 59458K, capacity 60124K, committed 60296K, reserved 1101824K
  class space    used 6805K, capacity 7098K, committed 7164K, reserved 1048576K
}
Event: 8.085 GC heap after
{Heap after GC invocations=10 (full 0):
 garbage-first heap   total 139264K, used 53178K [0x0000000091000000, 0x0000000100000000)
  region size 1024K, 5 young (5120K), 5 survivors (5120K)
 Metaspace       used 59458K, capacity 60124K, committed 60296K, reserved 1101824K
  class space    used 6805K, capacity 7098K, committed 7164K, reserved 1048576K
}

